This file contains any messages produced by compilers while
running configure, to aid debugging if configure makes a mistake.

It was created by configure, which was
generated by GNU Autoconf 2.69.  Invocation command line was

  $ ./configure --with-openssl-include-dir=/usr/local/opt/openssl/include --with-openssl-lib-dir=/usr/local/opt/openssl/lib --with-pcre-lib-dir=/usr/local/lib --with-pcap-include-dir=/usr/local/include

## --------- ##
## Platform. ##
## --------- ##

hostname = jareds-mbp.au.ibm.com
uname -m = x86_64
uname -r = 16.6.0
uname -s = Darwin
uname -v = Darwin Kernel Version 16.6.0: Fri Apr 14 16:21:16 PDT 2017; root:xnu-3789.60.24~6/RELEASE_X86_64

/usr/bin/uname -p = i386
/bin/uname -X     = unknown

/bin/arch              = unknown
/usr/bin/arch -k       = unknown
/usr/convex/getsysinfo = unknown
/usr/bin/hostinfo      = Mach kernel version:
	 Darwin Kernel Version 16.6.0: Fri Apr 14 16:21:16 PDT 2017; root:xnu-3789.60.24~6/RELEASE_X86_64
Kernel configured for up to 8 processors.
4 processors are physically available.
8 processors are logically available.
Processor type: x86_64h (Intel x86-64h Haswell)
Processors active: 0 1 2 3 4 5 6 7
Primary memory available: 16.00 gigabytes
Default processor set: 399 tasks, 2291 threads, 8 processors
Load average: 4.40, Mach factor: 4.03
/bin/machine           = unknown
/usr/bin/oslevel       = unknown
/bin/universe          = unknown

PATH: /usr/local/opt/opencv3/bin
PATH: /usr/local/opt/opencv3/bin
PATH: /usr/local/opt/opencv3/bin
PATH: /usr/local/opt/opencv3/bin
PATH: /usr/local/opt/opencv3/bin
PATH: /usr/local/opt/opencv3/bin
PATH: /usr/local/opt/opencv3/bin
PATH: /usr/local/opt/opencv3/bin
PATH: /usr/local/opt/opencv3/bin
PATH: /usr/local/opt/opencv3/bin
PATH: /usr/local/opt/opencv3/bin
PATH: /usr/local/opt/opencv3/bin
PATH: /usr/local/opt/opencv3/bin
PATH: /usr/local/opt/opencv3/bin
PATH: /usr/local/opt/opencv3/bin
PATH: /usr/local/opt/opencv3/bin
PATH: /usr/local/opt/opencv3/bin
PATH: /usr/local/opt/opencv3/bin
PATH: /usr/local/opt/opencv3/bin
PATH: /usr/local/opt/opencv3/bin
PATH: /usr/local/opt/opencv3/bin
PATH: /usr/local/opt/opencv3/bin
PATH: /usr/local/opt/opencv3/bin
PATH: /usr/local/opt/opencv3/bin
PATH: /usr/local/opt/opencv3/bin
PATH: /usr/local/opt/opencv3/bin
PATH: /usr/local/opt/opencv3/bin
PATH: /usr/local/opt/opencv3/bin
PATH: /usr/local/opt/opencv3/bin
PATH: /usr/local/opt/opencv3/bin
PATH: /usr/local/opt/opencv3/bin
PATH: /usr/local/opt/opencv3/bin
PATH: /usr/local/opt/opencv3/bin
PATH: /usr/local/opt/opencv3/bin
PATH: /usr/local/opt/opencv3/bin
PATH: /usr/local/opt/opencv3/bin
PATH: /usr/local/opt/opencv3/bin
PATH: /usr/local/opt/opencv3/bin
PATH: /usr/local/opt/opencv3/bin
PATH: /usr/local/opt/opencv3/bin
PATH: /usr/local/opt/opencv3/bin
PATH: /usr/local/opt/opencv3/bin
PATH: /usr/local/opt/opencv3/bin
PATH: /usr/local/opt/opencv3/bin
PATH: /usr/local/opt/opencv3/bin
PATH: /usr/local/opt/opencv3/bin
PATH: /usr/local/opt/opencv3/bin
PATH: /usr/local/opt/opencv3/bin
PATH: /usr/local/opt/opencv3/bin
PATH: /usr/local/opt/opencv3/bin
PATH: /usr/local/opt/opencv3/bin
PATH: /usr/local/opt/opencv3/bin
PATH: /usr/local/opt/opencv3/bin
PATH: /usr/local/opt/opencv3/bin
PATH: /usr/local/opt/opencv3/bin
PATH: /usr/local/opt/opencv3/bin
PATH: /usr/local/opt/opencv3/bin
PATH: /usr/local/opt/opencv3/bin
PATH: /usr/local/opt/opencv3/bin
PATH: /usr/local/opt/opencv3/bin
PATH: /usr/local/opt/opencv3/bin
PATH: /usr/local/opt/opencv3/bin
PATH: /usr/local/opt/opencv3/bin
PATH: /usr/local/opt/opencv3/bin
PATH: /usr/local/opt/opencv3/bin
PATH: /usr/local/opt/opencv3/bin
PATH: /usr/local/opt/opencv3/bin
PATH: /usr/local/opt/opencv3/bin
PATH: /usr/local/opt/opencv3/bin
PATH: /usr/local/opt/opencv3/bin
PATH: /usr/local/opt/opencv3/bin
PATH: /usr/local/opt/opencv3/bin
PATH: /usr/local/opt/opencv3/bin
PATH: /usr/local/opt/opencv3/bin
PATH: /usr/local/opt/opencv3/bin
PATH: /usr/local/opt/opencv3/bin
PATH: /usr/local/opt/opencv3/bin
PATH: /usr/local/opt/opencv3/bin
PATH: /usr/local/opt/opencv3/bin
PATH: /usr/local/opt/opencv3/bin
PATH: /usr/local/opt/opencv3/bin
PATH: /usr/local/opt/opencv3/bin
PATH: /usr/local/opt/opencv3/bin
PATH: /usr/local/opt/opencv3/bin
PATH: /usr/local/opt/opencv3/bin
PATH: /usr/local/opt/opencv3/bin
PATH: /usr/local/opt/opencv3/bin
PATH: /usr/local/opt/opencv3/bin
PATH: /usr/local/opt/opencv3/bin
PATH: /usr/local/opt/opencv3/bin
PATH: /usr/local/opt/opencv3/bin
PATH: /usr/local/opt/opencv3/bin
PATH: /usr/local/opt/opencv3/bin
PATH: /usr/local/opt/opencv3/bin
PATH: /usr/local/opt/opencv3/bin
PATH: /usr/local/opt/opencv3/bin
PATH: /usr/local/opt/opencv3/bin
PATH: /usr/local/opt/opencv3/bin
PATH: /usr/local/opt/opencv3/bin
PATH: /usr/local/opt/opencv3/bin
PATH: /usr/local/opt/opencv3/bin
PATH: /usr/local/bin
PATH: /usr/bin
PATH: /bin
PATH: /usr/sbin
PATH: /sbin
PATH: /usr/local/opt/fzf/bin


## ----------- ##
## Core tests. ##
## ----------- ##

configure:1867: checking for gcc
configure:1883: found /usr/bin/gcc
configure:1894: result: gcc
configure:2123: checking for C compiler version
configure:2132: gcc --version >&5
Apple LLVM version 8.1.0 (clang-802.0.42)
Target: x86_64-apple-darwin16.6.0
Thread model: posix
InstalledDir: /Applications/Xcode.app/Contents/Developer/Toolchains/XcodeDefault.xctoolchain/usr/bin
Configured with: --prefix=/Applications/Xcode.app/Contents/Developer/usr --with-gxx-include-dir=/usr/include/c++/4.2.1
configure:2143: $? = 0
configure:2132: gcc -v >&5
Configured with: --prefix=/Applications/Xcode.app/Contents/Developer/usr --with-gxx-include-dir=/usr/include/c++/4.2.1
Apple LLVM version 8.1.0 (clang-802.0.42)
Target: x86_64-apple-darwin16.6.0
Thread model: posix
InstalledDir: /Applications/Xcode.app/Contents/Developer/Toolchains/XcodeDefault.xctoolchain/usr/bin
configure:2143: $? = 0
configure:2132: gcc -V >&5
clang: error: argument to '-V' is missing (expected 1 value)
clang: error: no input files
configure:2143: $? = 1
configure:2132: gcc -qversion >&5
clang: error: unknown argument: '-qversion'
clang: error: no input files
configure:2143: $? = 1
configure:2163: checking whether the C compiler works
configure:2185: gcc    conftest.c  >&5
configure:2189: $? = 0
configure:2237: result: yes
configure:2240: checking for C compiler default output file name
configure:2242: result: a.out
configure:2248: checking for suffix of executables
configure:2255: gcc -o conftest    conftest.c  >&5
configure:2259: $? = 0
configure:2281: result: 
configure:2303: checking whether we are cross compiling
configure:2311: gcc -o conftest    conftest.c  >&5
configure:2315: $? = 0
configure:2322: ./conftest
configure:2326: $? = 0
configure:2341: result: no
configure:2346: checking for suffix of object files
configure:2368: gcc -c   conftest.c >&5
configure:2372: $? = 0
configure:2393: result: o
configure:2397: checking whether we are using the GNU C compiler
configure:2416: gcc -c   conftest.c >&5
configure:2416: $? = 0
configure:2425: result: yes
configure:2434: checking whether gcc accepts -g
configure:2454: gcc -c -g  conftest.c >&5
configure:2454: $? = 0
configure:2495: result: yes
configure:2512: checking for gcc option to accept ISO C89
configure:2575: gcc  -c -g -O2  conftest.c >&5
configure:2575: $? = 0
configure:2588: result: none needed
configure:2613: checking how to run the C preprocessor
configure:2644: gcc -E  conftest.c
configure:2644: $? = 0
configure:2658: gcc -E  conftest.c
conftest.c:9:10: fatal error: 'ac_nonexistent.h' file not found
#include <ac_nonexistent.h>
         ^
1 error generated.
configure:2658: $? = 1
configure: failed program was:
| /* confdefs.h */
| #define PACKAGE_NAME ""
| #define PACKAGE_TARNAME ""
| #define PACKAGE_VERSION ""
| #define PACKAGE_STRING ""
| #define PACKAGE_BUGREPORT ""
| #define PACKAGE_URL ""
| /* end confdefs.h.  */
| #include <ac_nonexistent.h>
configure:2683: result: gcc -E
configure:2703: gcc -E  conftest.c
configure:2703: $? = 0
configure:2717: gcc -E  conftest.c
conftest.c:9:10: fatal error: 'ac_nonexistent.h' file not found
#include <ac_nonexistent.h>
         ^
1 error generated.
configure:2717: $? = 1
configure: failed program was:
| /* confdefs.h */
| #define PACKAGE_NAME ""
| #define PACKAGE_TARNAME ""
| #define PACKAGE_VERSION ""
| #define PACKAGE_STRING ""
| #define PACKAGE_BUGREPORT ""
| #define PACKAGE_URL ""
| /* end confdefs.h.  */
| #include <ac_nonexistent.h>
configure:2795: checking for printf in -lc
configure:2809: gcc -o conftest -g -O2   conftest.c -lc  >&5
conftest.c:9:13: warning: incompatible redeclaration of library function 'printf' [-Wincompatible-library-redeclaration]
extern char printf();
            ^
conftest.c:9:13: note: 'printf' is a builtin with type 'int (const char *, ...)'
1 warning generated.
configure:2809: $? = 0
configure:2812: result: yes
configure:3017: checking for stdio.h
configure:3032: gcc -c -g -O2  conftest.c >&5
configure:3032: $? = 0
configure:3035: result: yes
configure:3302: creating ./config.status

## ---------------------- ##
## Running config.status. ##
## ---------------------- ##

This file was extended by config.status, which was
generated by GNU Autoconf 2.69.  Invocation command line was

  CONFIG_FILES    = 
  CONFIG_HEADERS  = 
  CONFIG_LINKS    = 
  CONFIG_COMMANDS = 
  $ ./config.status 

on jareds-mbp.au.ibm.com

config.status:788: creating all.mk
config.status:788: creating config.h
config.status:958: config.h is unchanged
configure:4456: WARNING: unrecognized options: --with-openssl-include-dir, --with-openssl-lib-dir, --with-pcre-lib-dir, --with-pcap-include-dir

## ---------------- ##
## Cache variables. ##
## ---------------- ##

ac_cv_c_compiler_gnu=yes
ac_cv_env_CC_set=
ac_cv_env_CC_value=
ac_cv_env_CFLAGS_set=
ac_cv_env_CFLAGS_value=
ac_cv_env_CPPFLAGS_set=
ac_cv_env_CPPFLAGS_value=
ac_cv_env_CPP_set=
ac_cv_env_CPP_value=
ac_cv_env_LDFLAGS_set=
ac_cv_env_LDFLAGS_value=
ac_cv_env_build_alias_set=
ac_cv_env_build_alias_value=
ac_cv_env_host_alias_set=
ac_cv_env_host_alias_value=
ac_cv_env_target_alias_set=
ac_cv_env_target_alias_value=
ac_cv_header_stdio_h=yes
ac_cv_lib_c_printf=yes
ac_cv_objext=o
ac_cv_prog_CPP='gcc -E'
ac_cv_prog_ac_ct_CC=gcc
ac_cv_prog_cc_c89=
ac_cv_prog_cc_g=yes

## ----------------- ##
## Output variables. ##
## ----------------- ##

CC='gcc'
CFLAGS='-g -O2'
CPP='gcc -E'
CPPFLAGS='  '
DEFS='-DHAVE_CONFIG_H'
ECHO_C='\c'
ECHO_N=''
ECHO_T=''
EXEEXT=''
LDFLAGS=''
LIBOBJS=''
LIBS=' -lc '
LTLIBOBJS=''
OBJEXT='o'
PACKAGE_BUGREPORT=''
PACKAGE_NAME=''
PACKAGE_STRING=''
PACKAGE_TARNAME=''
PACKAGE_URL=''
PACKAGE_VERSION=''
PATH_SEPARATOR=':'
SHELL='/bin/sh'
ac_ct_CC='gcc'
bindir='${exec_prefix}/bin'
build_alias=''
datadir='${datarootdir}'
datarootdir='${prefix}/share'
docdir='${datarootdir}/doc/${PACKAGE}'
dvidir='${docdir}'
exec_prefix='${prefix}'
host_alias=''
htmldir='${docdir}'
includedir='${prefix}/include'
infodir='${datarootdir}/info'
libdir='${exec_prefix}/lib'
libexecdir='${exec_prefix}/libexec'
localedir='${datarootdir}/locale'
localstatedir='${prefix}/var'
mandir='${datarootdir}/man'
mod_cflags='  '
mod_ldflags=' -lc '
oldincludedir='/usr/include'
pdfdir='${docdir}'
prefix='/usr/local'
program_transform_name='s,x,x,'
psdir='${docdir}'
sbindir='${exec_prefix}/sbin'
sharedstatedir='${prefix}/com'
sysconfdir='${prefix}/etc'
target_alias=''
targetname='rlm_verify'

## ----------- ##
## confdefs.h. ##
## ----------- ##

/* confdefs.h */
#define PACKAGE_NAME ""
#define PACKAGE_TARNAME ""
#define PACKAGE_VERSION ""
#define PACKAGE_STRING ""
#define PACKAGE_BUGREPORT ""
#define PACKAGE_URL ""

configure: exit 0
